<?xml version="1.0" encoding="UTF-8"?>
<!-- Generated by org.testng.reporters.JUnitReportReporter -->
<testsuite hostname="DESKTOP-3530FM0" failures="0" tests="1" name="ContactTest.CreateContact" time="31.833" errors="0" timestamp="2025-04-01T19:06:09 IST" skipped="0">
  <testcase classname="ContactTest.CreateContact" name="createContactWithCampaign" time="31.833">
    <system-out>
      <![CDATA[Contact added successfully ]]>
    </system-out>
  </testcase> <!-- createContactWithCampaign -->
  <system-out>
    <![CDATA[Campaign Banner_3638 added successfuly
CampaignBanner_4369 added successfuly
not added
Contact added successfully ]]>
  </system-out>
</testsuite> <!-- ContactTest.CreateContact -->
