<?xml version="1.0" encoding="UTF-8"?>
<!-- Generated by org.testng.reporters.JUnitReportReporter -->
<testsuite hostname="DESKTOP-3530FM0" failures="0" tests="2" name="CampaignTest.CreateCampaign" time="38.302" errors="0" timestamp="2025-04-01T19:06:09 IST" skipped="0">
  <testcase classname="CampaignTest.CreateCampaign" name="createCampaignWithDate" time="16.951">
    <system-out>
      <![CDATA[CampaignBanner_4369 added successfuly]]>
    </system-out>
  </testcase> <!-- createCampaignWithDate -->
  <testcase classname="CampaignTest.CreateCampaign" name="createCampaignTest" time="21.351">
    <system-out>
      <![CDATA[Campaign Banner_3638 added successfuly]]>
    </system-out>
  </testcase> <!-- createCampaignTest -->
  <system-out>
    <![CDATA[Campaign Banner_3638 added successfuly
CampaignBanner_4369 added successfuly
not added
Contact added successfully ]]>
  </system-out>
</testsuite> <!-- CampaignTest.CreateCampaign -->
