<?xml version="1.0" encoding="UTF-8"?>
<!-- Generated by org.testng.reporters.JUnitReportReporter -->
<testsuite hostname="DESKTOP-3530FM0" failures="0" tests="1" name="ProductTest.CreateProduct" time="23.705" errors="0" timestamp="2025-04-01T19:06:09 IST" skipped="0">
  <testcase classname="ProductTest.CreateProduct" name="createProductTest" time="23.705">
    <system-out>
      <![CDATA[not added]]>
    </system-out>
  </testcase> <!-- createProductTest -->
  <system-out>
    <![CDATA[Campaign Banner_3638 added successfuly
CampaignBanner_4369 added successfuly
not added
Contact added successfully ]]>
  </system-out>
</testsuite> <!-- ProductTest.CreateProduct -->
