<?xml version="1.0" encoding="UTF-8"?>
<!-- Generated by org.testng.reporters.JUnitReportReporter -->
<testsuite hostname="DESKTOP-3530FM0" failures="0" tests="3" name="DDTPractice.DataProviderUsage" time="0.047" errors="0" timestamp="2025-03-25T20:50:15 IST" skipped="0">
  <testcase classname="DDTPractice.DataProviderUsage" name="testcase" time="0.013"/>
  <testcase classname="DDTPractice.DataProviderUsage" name="testcase" time="0.011"/>
  <testcase classname="DDTPractice.DataProviderUsage" name="testcase" time="0.023"/>
</testsuite> <!-- DDTPractice.DataProviderUsage -->
