<?xml version="1.0" encoding="UTF-8"?>
<!-- Generated by org.testng.reporters.JUnitReportReporter -->
<testsuite hostname="DESKTOP-3530FM0" failures="0" tests="1" name="Login.LoginTest" time="18.319" errors="0" timestamp="2025-04-01T19:52:37 IST" skipped="0">
  <testcase classname="Login.LoginTest" name="loginPageTest" time="18.319">
    <system-out>
      <![CDATA[Validation is passed ]]>
    </system-out>
  </testcase> <!-- loginPageTest -->
  <system-out>
    <![CDATA[Validation is passed ]]>
  </system-out>
</testsuite> <!-- Login.LoginTest -->
